#
# A fatal error has been detected by the Java Runtime Environment:
#
#  EXCEPTION_ACCESS_VIOLATION (0xc0000005) at pc=0x000000007704a0a5, pid=6120, tid=0x00000000000026f8
#
# JRE version: Java(TM) SE Runtime Environment (8.0_101-b13) (build 1.8.0_101-b13)
# Java VM: Java HotSpot(TM) 64-Bit Server VM (25.101-b13 mixed mode windows-amd64 compressed oops)
# Problematic frame:
# V  [jvm.dll+0x12a0a5]
#
# Failed to write core dump. Minidumps are not enabled by default on client versions of Windows
#
# If you would like to submit a bug report, please visit:
#   http://bugreport.java.com/bugreport/crash.jsp
#

---------------  T H R E A D  ---------------

Current thread (0x0000000016b18800):  JavaThread "JDWP Transport Listener: dt_socket" daemon [_thread_in_vm, id=9976, stack(0x0000000018170000,0x0000000018270000)]

siginfo: ExceptionCode=0xc0000005, reading address 0x0000000050020000

Registers:
RAX=0x000000001826f401, RBX=0x0000000016b18800, RCX=0x0000000050020000, RDX=0x0000000000000000
RSP=0x000000001826f490, RBP=0x0000000050020000, RSI=0x000000001826f5a8, RDI=0x0000000001f188e0
R8 =0x0000000016b18800, R9 =0x0000000000008000, R10=0x0000000000000000, R11=0x000000001884e16a
R12=0x0000000000000000, R13=0x0000000016b23fa8, R14=0x0000000000000000, R15=0x0000000000000000
RIP=0x000000007704a0a5, EFLAGS=0x0000000000010206

Top of Stack: (sp=0x000000001826f490)
0x000000001826f490:   0000000016b18800 0000000016b18800
0x000000001826f4a0:   000000001826f558 0000000077252f0b
0x000000001826f4b0:   0000000016b18800 000000007726f76d
0x000000001826f4c0:   0000000000000000 0000000050959155
0x000000001826f4d0:   00000000187c4c30 000000005096291e
0x000000001826f4e0:   0000000016b18800 0000000000000000
0x000000001826f4f0:   0000000000000000 0000000000000000
0x000000001826f500:   0000000050020000 0000000050961a15
0x000000001826f510:   000000001826f5a8 000000001826f580
0x000000001826f520:   0000000000000001 00000000187c4c30
0x000000001826f530:   0000000050020000 00000000509453b3
0x000000001826f540:   000000001826f670 0000000000000001
0x000000001826f550:   0000000000000001 00000000187c4c30
0x000000001826f560:   0000000000000008 0000000000000000
0x000000001826f570:   0000000000000000 0000000000000000
0x000000001826f580:   0000000000000001 0000000050945571 

Instructions: (pc=0x000000007704a0a5)
0x000000007704a085:   cc cc cc cc cc cc cc cc cc cc cc 48 83 ec 28 48
0x000000007704a095:   85 c9 75 07 33 c0 48 83 c4 28 c3 48 89 5c 24 20
0x000000007704a0a5:   48 8b 19 48 85 db 74 20 48 83 fb 37 74 1a 48 8b
0x000000007704a0b5:   13 48 8b cb ff 52 10 84 c0 74 0d 48 8b c3 48 8b 


Register to memory mapping:

RAX=0x000000001826f401 is pointing into the stack for thread: 0x0000000016b18800
RBX=0x0000000016b18800 is a thread
RCX=0x0000000050020000 is an unknown value
RDX=0x0000000000000000 is an unknown value
RSP=0x000000001826f490 is pointing into the stack for thread: 0x0000000016b18800
RBP=0x0000000050020000 is an unknown value
RSI=0x000000001826f5a8 is pointing into the stack for thread: 0x0000000016b18800
RDI=0x0000000001f188e0 is an unknown value
R8 =0x0000000016b18800 is a thread
R9 =0x0000000000008000 is an unknown value
R10=0x0000000000000000 is an unknown value
R11=0x000000001884e16a is an unknown value
R12=0x0000000000000000 is an unknown value
R13=0x0000000016b23fa8 is an unknown value
R14=0x0000000000000000 is an unknown value
R15=0x0000000000000000 is an unknown value


Stack: [0x0000000018170000,0x0000000018270000],  sp=0x000000001826f490,  free space=1021k
Native frames: (J=compiled Java code, j=interpreted, Vv=VM code, C=native code)
V  [jvm.dll+0x12a0a5]
V  [jvm.dll+0x34f76d]
C  [jdwp.dll+0x21a15]
C  [jdwp.dll+0x53b3]
C  [jdwp.dll+0x5571]
C  [jdwp.dll+0xf0a8]
C  [jdwp.dll+0x1f2d5]
C  [jdwp.dll+0x1f4aa]
V  [jvm.dll+0x1bd258]
V  [jvm.dll+0x2451a4]
V  [jvm.dll+0x29c18a]
C  [msvcr100.dll+0x21d9f]
C  [msvcr100.dll+0x21e3b]
C  [KERNEL32.DLL+0x8364]
C  [ntdll.dll+0x670d1]


---------------  P R O C E S S  ---------------

Java Threads: ( => current thread )
  0x00000000187bb800 JavaThread "Service Thread" daemon [_thread_blocked, id=9720, stack(0x0000000018b70000,0x0000000018c70000)]
  0x0000000016b3f000 JavaThread "C1 CompilerThread2" daemon [_thread_blocked, id=15064, stack(0x0000000018670000,0x0000000018770000)]
  0x0000000016b3c800 JavaThread "C2 CompilerThread1" daemon [_thread_blocked, id=2136, stack(0x0000000018570000,0x0000000018670000)]
  0x0000000016b43800 JavaThread "C2 CompilerThread0" daemon [_thread_blocked, id=14528, stack(0x0000000018470000,0x0000000018570000)]
  0x0000000016b2a000 JavaThread "JDWP Command Reader" daemon [_thread_in_native, id=2996, stack(0x0000000018370000,0x0000000018470000)]
  0x0000000016b26800 JavaThread "JDWP Event Helper Thread" daemon [_thread_blocked, id=10916, stack(0x0000000018270000,0x0000000018370000)]
=>0x0000000016b18800 JavaThread "JDWP Transport Listener: dt_socket" daemon [_thread_in_vm, id=9976, stack(0x0000000018170000,0x0000000018270000)]
  0x0000000016b0f800 JavaThread "Attach Listener" daemon [_thread_blocked, id=11732, stack(0x0000000018070000,0x0000000018170000)]
  0x0000000016b0e000 JavaThread "Signal Dispatcher" daemon [_thread_blocked, id=11856, stack(0x0000000017f70000,0x0000000018070000)]
  0x000000000201d000 JavaThread "Finalizer" daemon [_thread_blocked, id=6532, stack(0x0000000017d80000,0x0000000017e80000)]
  0x0000000002012000 JavaThread "Reference Handler" daemon [_thread_blocked, id=16128, stack(0x0000000017c80000,0x0000000017d80000)]
  0x0000000001f23000 JavaThread "main" [_thread_blocked, id=2484, stack(0x0000000001dc0000,0x0000000001ec0000)]

Other Threads:
  0x0000000016ad7800 VMThread [stack: 0x0000000017b80000,0x0000000017c80000] [id=13228]
  0x00000000187c7000 WatcherThread [stack: 0x0000000018c70000,0x0000000018d70000] [id=7116]

VM state:not at safepoint (normal execution)

VM Mutex/Monitor currently owned by a thread: None

Heap:
 PSYoungGen      total 37888K, used 2621K [0x00000000d6000000, 0x00000000d8a00000, 0x0000000100000000)
  eden space 32768K, 8% used [0x00000000d6000000,0x00000000d628f670,0x00000000d8000000)
  from space 5120K, 0% used [0x00000000d8500000,0x00000000d8500000,0x00000000d8a00000)
  to   space 5120K, 0% used [0x00000000d8000000,0x00000000d8000000,0x00000000d8500000)
 ParOldGen       total 86016K, used 0K [0x0000000082000000, 0x0000000087400000, 0x00000000d6000000)
  object space 86016K, 0% used [0x0000000082000000,0x0000000082000000,0x0000000087400000)
 Metaspace       used 3940K, capacity 4638K, committed 4864K, reserved 1056768K
  class space    used 447K, capacity 462K, committed 512K, reserved 1048576K

Card table byte_map: [0x00000000113e0000,0x00000000117e0000] byte_map_base: 0x0000000010fd0000

Marking Bits: (ParMarkBitMap*) 0x000000007773a6d0
 Begin Bits: [0x0000000011e80000, 0x0000000013e00000)
 End Bits:   [0x0000000013e00000, 0x0000000015d80000)

Polling page: 0x0000000001d90000

CodeCache: size=245760Kb used=1238Kb max_used=1238Kb free=244521Kb
 bounds [0x0000000002020000, 0x0000000002290000, 0x0000000011020000]
 total_blobs=358 nmethods=90 adapters=189
 compilation: enabled

Compilation events (10 events):
Event: 0.668 Thread 0x0000000016b3f000   86       3       java.util.regex.ASCII::isAscii (13 bytes)
Event: 0.668 Thread 0x0000000016b3f000 nmethod 86 0x0000000002150850 code [0x00000000021509a0, 0x0000000002150b30]
Event: 0.668 Thread 0x0000000016b3f000   87       3       java.util.regex.Pattern::peek (26 bytes)
Event: 0.669 Thread 0x0000000016b3f000 nmethod 87 0x0000000002150b90 code [0x0000000002150d00, 0x0000000002150fc8]
Event: 0.670 Thread 0x0000000016b3f000   88       3       java.lang.Character::isBmpCodePoint (13 bytes)
Event: 0.670 Thread 0x0000000016b3f000 nmethod 88 0x0000000002151110 code [0x0000000002151260, 0x00000000021513f0]
Event: 0.670 Thread 0x0000000016b3f000   89       3       java.util.regex.Pattern::next (33 bytes)
Event: 0.671 Thread 0x0000000016b3f000 nmethod 89 0x0000000002151450 code [0x00000000021515c0, 0x00000000021518a8]
Event: 0.671 Thread 0x0000000016b3f000   90       1       java.util.regex.Pattern::flags (5 bytes)
Event: 0.671 Thread 0x0000000016b3f000 nmethod 90 0x00000000021519d0 code [0x0000000002151b20, 0x0000000002151c30]

GC Heap History (0 events):
No events

Deoptimization events (0 events):
No events

Internal exceptions (6 events):
Event: 0.090 Thread 0x0000000001f23000 Exception <a 'java/lang/NoSuchMethodError': Method sun.misc.Unsafe.defineClass(Ljava/lang/String;[BII)Ljava/lang/Class; name or signature does not match> (0x00000000d6007cc0) thrown at [C:\re\workspace\8-2-build-windows-amd64-cygwin\jdk8u101\7261\hotspot\svjﬁ◊ù˘∂?
Event: 0.090 Thread 0x0000000001f23000 Exception <a 'java/lang/NoSuchMethodError': Method sun.misc.Unsafe.prefetchRead(Ljava/lang/Object;J)V name or signature does not match> (0x00000000d6007fa8) thrown at [C:\re\workspace\8-2-build-windows-amd64-cygwin\jdk8u101\7261\hotspot\src\share\vm\prims\Á™M&Á„?
Event: 0.622 Thread 0x0000000001f23000 Exception <a 'java/security/PrivilegedActionException'> (0x00000000d6213e18) thrown at [C:\re\workspace\8-2-build-windows-amd64-cygwin\jdk8u101\7261\hotspot\src\share\vm\prims\jvm.cpp, line 1386]
Event: 0.622 Thread 0x0000000001f23000 Exception <a 'java/security/PrivilegedActionException'> (0x00000000d6214210) thrown at [C:\re\workspace\8-2-build-windows-amd64-cygwin\jdk8u101\7261\hotspot\src\share\vm\prims\jvm.cpp, line 1386]
Event: 0.624 Thread 0x0000000001f23000 Exception <a 'java/security/PrivilegedActionException'> (0x00000000d62182e0) thrown at [C:\re\workspace\8-2-build-windows-amd64-cygwin\jdk8u101\7261\hotspot\src\share\vm\prims\jvm.cpp, line 1386]
Event: 0.624 Thread 0x0000000001f23000 Exception <a 'java/security/PrivilegedActionException'> (0x00000000d62186d8) thrown at [C:\re\workspace\8-2-build-windows-amd64-cygwin\jdk8u101\7261\hotspot\src\share\vm\prims\jvm.cpp, line 1386]

Events (10 events):
Event: 517.275 Executing VM operation: ForceSafepoint
Event: 517.275 Executing VM operation: ForceSafepoint done
Event: 913.907 Executing VM operation: GetOrSetLocal
Event: 913.908 Executing VM operation: GetOrSetLocal done
Event: 995.421 Executing VM operation: ChangeBreakpoints
Event: 995.422 Executing VM operation: ChangeBreakpoints done
Event: 995.427 Executing VM operation: RedefineClasses
Event: 995.428 Executing VM operation: RedefineClasses done
Event: 995.429 Executing VM operation: GetOrSetLocal
Event: 995.429 Executing VM operation: GetOrSetLocal done


Dynamic libraries:
0x00007ff7407f0000 - 0x00007ff740827000 	C:\Program Files\Java\jdk1.8.0_101\bin\java.exe
0x00007ff99d9a0000 - 0x00007ff99db71000 	C:\WINDOWS\SYSTEM32\ntdll.dll
0x00007ff99d750000 - 0x00007ff99d7fc000 	C:\WINDOWS\System32\KERNEL32.DLL
0x00007ff98da90000 - 0x00007ff98dac3000 	C:\Program Files\AVAST Software\Avast\x64\aswhooka.dll
0x00007ff99a200000 - 0x00007ff99a41d000 	C:\WINDOWS\System32\KERNELBASE.dll
0x00007ff99bbe0000 - 0x00007ff99bc82000 	C:\WINDOWS\System32\ADVAPI32.dll
0x00007ff99b390000 - 0x00007ff99b42e000 	C:\WINDOWS\System32\msvcrt.dll
0x00007ff99ba20000 - 0x00007ff99ba79000 	C:\WINDOWS\System32\sechost.dll
0x00007ff99af90000 - 0x00007ff99b0b1000 	C:\WINDOWS\System32\RPCRT4.dll
0x00007ff99b8b0000 - 0x00007ff99ba15000 	C:\WINDOWS\System32\USER32.dll
0x00007ff999ea0000 - 0x00007ff999ebe000 	C:\WINDOWS\System32\win32u.dll
0x00007ff99bed0000 - 0x00007ff99bf04000 	C:\WINDOWS\System32\GDI32.dll
0x00007ff999ec0000 - 0x00007ff99a040000 	C:\WINDOWS\System32\gdi32full.dll
0x00007ff98ce40000 - 0x00007ff98d0ba000 	C:\WINDOWS\WinSxS\amd64_microsoft.windows.common-controls_6595b64144ccf1df_6.0.14393.953_none_42151e83c686086b\COMCTL32.dll
0x00007ff99b0c0000 - 0x00007ff99b388000 	C:\WINDOWS\System32\combase.dll
0x00007ff99a700000 - 0x00007ff99a7f5000 	C:\WINDOWS\System32\ucrtbase.dll
0x00007ff99a0f0000 - 0x00007ff99a15a000 	C:\WINDOWS\System32\bcryptPrimitives.dll
0x00007ff99b880000 - 0x00007ff99b8ae000 	C:\WINDOWS\System32\IMM32.DLL
0x0000000050ad0000 - 0x0000000050ba2000 	C:\Program Files\Java\jdk1.8.0_101\jre\bin\msvcr100.dll
0x0000000076f20000 - 0x00000000777ba000 	C:\Program Files\Java\jdk1.8.0_101\jre\bin\server\jvm.dll
0x00007ff99bf20000 - 0x00007ff99bf28000 	C:\WINDOWS\System32\PSAPI.DLL
0x00007ff9681b0000 - 0x00007ff9681b9000 	C:\WINDOWS\SYSTEM32\WSOCK32.dll
0x00007ff99d800000 - 0x00007ff99d86a000 	C:\WINDOWS\System32\WS2_32.dll
0x00007ff997f50000 - 0x00007ff997f73000 	C:\WINDOWS\SYSTEM32\WINMM.dll
0x00007ff98d4f0000 - 0x00007ff98d4fa000 	C:\WINDOWS\SYSTEM32\VERSION.dll
0x00007ff997690000 - 0x00007ff9976bb000 	C:\WINDOWS\SYSTEM32\WINMMBASE.dll
0x00007ff99a800000 - 0x00007ff99a842000 	C:\WINDOWS\System32\cfgmgr32.dll
0x0000000050d90000 - 0x0000000050d9f000 	C:\Program Files\Java\jdk1.8.0_101\jre\bin\verify.dll
0x0000000050d60000 - 0x0000000050d89000 	C:\Program Files\Java\jdk1.8.0_101\jre\bin\java.dll
0x0000000050940000 - 0x0000000050975000 	C:\Program Files\Java\jdk1.8.0_101\jre\bin\jdwp.dll
0x0000000050a60000 - 0x0000000050a68000 	C:\Program Files\Java\jdk1.8.0_101\jre\bin\npt.dll
0x0000000050ab0000 - 0x0000000050ac6000 	C:\Program Files\Java\jdk1.8.0_101\jre\bin\zip.dll
0x00007ff99c0e0000 - 0x00007ff99d5e8000 	C:\WINDOWS\System32\SHELL32.dll
0x00007ff99a850000 - 0x00007ff99af2a000 	C:\WINDOWS\System32\windows.storage.dll
0x00007ff999e40000 - 0x00007ff999e8c000 	C:\WINDOWS\System32\powrprof.dll
0x00007ff99bc90000 - 0x00007ff99bce2000 	C:\WINDOWS\System32\shlwapi.dll
0x00007ff999e90000 - 0x00007ff999e9f000 	C:\WINDOWS\System32\kernel.appcore.dll
0x00007ff99a420000 - 0x00007ff99a4c9000 	C:\WINDOWS\System32\shcore.dll
0x00007ff999e20000 - 0x00007ff999e34000 	C:\WINDOWS\System32\profapi.dll
0x0000000050930000 - 0x0000000050939000 	C:\Program Files\Java\jdk1.8.0_101\jre\bin\dt_socket.dll
0x00007ff999740000 - 0x00007ff99979c000 	C:\WINDOWS\system32\mswsock.dll
0x0000000050a90000 - 0x0000000050aaa000 	C:\Program Files\Java\jdk1.8.0_101\jre\bin\net.dll
0x0000000050a70000 - 0x0000000050a81000 	C:\Program Files\Java\jdk1.8.0_101\jre\bin\nio.dll
0x00007ff987bb0000 - 0x00007ff987d42000 	C:\WINDOWS\SYSTEM32\dbghelp.dll

VM Arguments:
jvm_args: -agentlib:jdwp=transport=dt_socket,address=127.0.0.1:60877,suspend=y,server=n -Dfile.encoding=UTF-8 
java_command: Labs.Lab15.Lab15
java_class_path (initial): C:\Program Files\Java\jdk1.8.0_101\jre\lib\charsets.jar;C:\Program Files\Java\jdk1.8.0_101\jre\lib\deploy.jar;C:\Program Files\Java\jdk1.8.0_101\jre\lib\ext\access-bridge-64.jar;C:\Program Files\Java\jdk1.8.0_101\jre\lib\ext\cldrdata.jar;C:\Program Files\Java\jdk1.8.0_101\jre\lib\ext\dnsns.jar;C:\Program Files\Java\jdk1.8.0_101\jre\lib\ext\jaccess.jar;C:\Program Files\Java\jdk1.8.0_101\jre\lib\ext\jfxrt.jar;C:\Program Files\Java\jdk1.8.0_101\jre\lib\ext\localedata.jar;C:\Program Files\Java\jdk1.8.0_101\jre\lib\ext\nashorn.jar;C:\Program Files\Java\jdk1.8.0_101\jre\lib\ext\sunec.jar;C:\Program Files\Java\jdk1.8.0_101\jre\lib\ext\sunjce_provider.jar;C:\Program Files\Java\jdk1.8.0_101\jre\lib\ext\sunmscapi.jar;C:\Program Files\Java\jdk1.8.0_101\jre\lib\ext\sunpkcs11.jar;C:\Program Files\Java\jdk1.8.0_101\jre\lib\ext\zipfs.jar;C:\Program Files\Java\jdk1.8.0_101\jre\lib\javaws.jar;C:\Program Files\Java\jdk1.8.0_101\jre\lib\jce.jar;C:\Program Files\Java\jdk1.8.0_101\jre\lib\jfr.jar;C:\Program Files\Java\jdk1.8.0_101\jre\lib\jfxswt.jar;C:\Program Files\Java\jdk1.8.0_101\jre\lib\jsse.jar;C:\Program Files\Java\jdk1.8.0_101\jre\lib\management-agent.jar;C:\Program Files\Java\jdk1.8.0_101\jre\lib\plugin.jar;C:\Program Files\Java\jdk1.8.0_101\jre\lib\resources.jar;C:\Program Files\Java\jdk1.8.0_101\jre\lib\rt.jar;C:\Users\user\IdeaProjects\GrandCircusWork\out\production\GrandCircusWork;C:\Users\user\.m2\repository\org\apache\maven\surefire\common-junit48\2.20\common-junit48-2.20.jar;C:\Users\user\.m2\repository\junit\junit\4.8.1\junit-4.8.1.jar;C:\Users\user\.m2\repository\org\apache\maven\surefire\common-junit4\2.20\common-junit4-2.20.jar;C:\Users\user\.m2\repository\org\apache\maven\surefire\common-junit3\2.20\common-junit3-2.20.jar;C:\Users\user\.m2\repository\org\apache\maven\surefire\surefire-api\2.20\surefire-api-2.20.jar;C:\Users\user\.m2\repository\org\apache\maven\surefire\surefire-logger-api\2.20\surefire-logger-api-2.20.jar;C:\Users\user\.
Launcher Type: SUN_STANDARD

Environment Variables:
PATH=C:\ProgramData\Oracle\Java\javapath;C:\Program Files (x86)\Intel\iCLS Client\;C:\Program Files\Intel\iCLS Client\;C:\Windows\system32;C:\Windows;C:\Windows\System32\Wbem;C:\Windows\System32\WindowsPowerShell\v1.0\;C:\Program Files (x86)\Intel\Intel(R) Management Engine Components\DAL;C:\Program Files\Intel\Intel(R) Management Engine Components\DAL;C:\Program Files (x86)\Intel\Intel(R) Management Engine Components\IPT;C:\Program Files\Intel\Intel(R) Management Engine Components\IPT;C:\Program Files (x86)\NVIDIA Corporation\PhysX\Common;C:\WINDOWS\system32;C:\WINDOWS;C:\WINDOWS\System32\Wbem;C:\WINDOWS\System32\WindowsPowerShell\v1.0\;C:\WINDOWS\system32\config\systemprofile\.dnx\bin;C:\Program Files\Microsoft DNX\Dnvm\;C:\Program Files\Microsoft SQL Server\130\Tools\Binn\;C:\Program Files (x86)\GtkSharp\2.12\bin;C:\Program Files\Git\cmd;C:\Users\user\AppData\Local\Microsoft\WindowsApps;
USERNAME=user
OS=Windows_NT
PROCESSOR_IDENTIFIER=Intel64 Family 6 Model 78 Stepping 3, GenuineIntel



---------------  S Y S T E M  ---------------

OS: Windows 10.0 , 64 bit Build 14393 (10.0.14393.1198)

CPU:total 4 (2 cores per cpu, 2 threads per core) family 6 model 78 stepping 3, cmov, cx8, fxsr, mmx, sse, sse2, sse3, ssse3, sse4.1, sse4.2, popcnt, avx, avx2, aes, clmul, erms, 3dnowpref, lzcnt, ht, tsc, tscinvbit, bmi1, bmi2, adx

Memory: 4k page, physical 8251996k(2954912k free), swap 15249592k(2759604k free)

vm_info: Java HotSpot(TM) 64-Bit Server VM (25.101-b13) for windows-amd64 JRE (1.8.0_101-b13), built on Jun 22 2016 01:21:29 by "java_re" with MS VC++ 10.0 (VS2010)

time: Tue Jul 11 15:16:24 2017
elapsed time: 995 seconds (0d 0h 16m 35s)

